SLURM_JOBID=6758486
SLURM_JOB_NODELIST=cpn-p27-15
SLURM_NNODES=1
SLURMTMPDIR=/scratch/6758486
working directory=/panfs/panfs.cbls.ccr.buffalo.edu/scratch/grp-alexeyak/alexey/phosphorene/3_nac/pristine
 The MKL Libraries are in your library path. This is adequate for compiling and
running most codes. Source $MKL/bin/mklvars.sh" for more features. 
QStandardPaths: XDG_RUNTIME_DIR points to non-existing path '/run/user/458607', please create it with 0700 permissions.
/projects/academic/cyberwksp21/Software/Conda/Miniconda3/envs/libra/lib/python3.6/importlib/_bootstrap.py:219: RuntimeWarning: to-Python converter for std::vector<std::vector<int, std::allocator<int> >, std::allocator<std::vector<int, std::allocator<int> > > > already registered; second conversion method ignored.
  return f(*args, **kwds)
/projects/academic/cyberwksp21/Software/Conda/Miniconda3/envs/libra/lib/python3.6/importlib/_bootstrap.py:219: RuntimeWarning: to-Python converter for boost::python::detail::container_element<std::vector<std::vector<int, std::allocator<int> >, std::allocator<std::vector<int, std::allocator<int> > > >, unsigned long, boost::python::detail::final_vector_derived_policies<std::vector<std::vector<int, std::allocator<int> >, std::allocator<std::vector<int, std::allocator<int> > > >, false> > already registered; second conversion method ignored.
  return f(*args, **kwds)
/projects/academic/cyberwksp21/Software/Conda/Miniconda3/envs/libra/lib/python3.6/importlib/_bootstrap.py:219: RuntimeWarning: to-Python converter for std::vector<std::vector<float, std::allocator<float> >, std::allocator<std::vector<float, std::allocator<float> > > > already registered; second conversion method ignored.
  return f(*args, **kwds)
/projects/academic/cyberwksp21/Software/Conda/Miniconda3/envs/libra/lib/python3.6/importlib/_bootstrap.py:219: RuntimeWarning: to-Python converter for boost::python::detail::container_element<std::vector<std::vector<float, std::allocator<float> >, std::allocator<std::vector<float, std::allocator<float> > > >, unsigned long, boost::python::detail::final_vector_derived_policies<std::vector<std::vector<float, std::allocator<float> >, std::allocator<std::vector<float, std::allocator<float> > > >, false> > already registered; second conversion method ignored.
  return f(*args, **kwds)
/projects/academic/cyberwksp21/Software/Conda/Miniconda3/envs/libra/lib/python3.6/importlib/_bootstrap.py:219: RuntimeWarning: to-Python converter for std::vector<std::vector<double, std::allocator<double> >, std::allocator<std::vector<double, std::allocator<double> > > > already registered; second conversion method ignored.
  return f(*args, **kwds)
/projects/academic/cyberwksp21/Software/Conda/Miniconda3/envs/libra/lib/python3.6/importlib/_bootstrap.py:219: RuntimeWarning: to-Python converter for boost::python::detail::container_element<std::vector<std::vector<double, std::allocator<double> >, std::allocator<std::vector<double, std::allocator<double> > > >, unsigned long, boost::python::detail::final_vector_derived_policies<std::vector<std::vector<double, std::allocator<double> >, std::allocator<std::vector<double, std::allocator<double> > > >, false> > already registered; second conversion method ignored.
  return f(*args, **kwds)
/projects/academic/cyberwksp21/Software/Conda/Miniconda3/envs/libra/lib/python3.6/importlib/_bootstrap.py:219: RuntimeWarning: to-Python converter for std::vector<std::vector<std::complex<double>, std::allocator<std::complex<double> > >, std::allocator<std::vector<std::complex<double>, std::allocator<std::complex<double> > > > > already registered; second conversion method ignored.
  return f(*args, **kwds)
/projects/academic/cyberwksp21/Software/Conda/Miniconda3/envs/libra/lib/python3.6/importlib/_bootstrap.py:219: RuntimeWarning: to-Python converter for boost::python::detail::container_element<std::vector<std::vector<std::complex<double>, std::allocator<std::complex<double> > >, std::allocator<std::vector<std::complex<double>, std::allocator<std::complex<double> > > > >, unsigned long, boost::python::detail::final_vector_derived_policies<std::vector<std::vector<std::complex<double>, std::allocator<std::complex<double> > >, std::allocator<std::vector<std::complex<double>, std::allocator<std::complex<double> > > > >, false> > already registered; second conversion method ignored.
  return f(*args, **kwds)
