 Fermi distribution function

MD step: 10000


********************************************************************************
 iSCC Total electronic   Diff electronic      SCC error    
    6   -0.11333518E+03   -0.10948327E-08    0.78047483E-05
********************************************************************************

Coordinates of moved atoms (au):
    1      0.68115145     24.89699257     13.82038319
    2     26.09379581     24.56524038     12.29240346
    3     17.88348716     24.94445658     11.30404744
    4      9.79880965     25.33508039     12.94906091
    5      0.63363564      6.18439636     14.02956492
    6     25.83019904      5.96417888     12.42369957
    7     19.44790176      7.22996035     10.62633408
    8     10.02128891      6.95036736     13.62946441
    9      0.70025401     12.56285227     14.19286184
   10     25.64536502     12.02690925     12.65622145
   11      9.83475245     12.92920956     13.12003937
   12      0.62674063     18.68405010     13.96942518
   13     25.71225561     18.43764731     12.41699673
   14     17.65139298     18.71928847     11.15595594
   15      9.95140302     19.06918399     12.73405372
   16      7.68061657     25.24788938      8.80184880
   17     33.77243158     24.66079056      9.47876038
   18     25.37407059     24.55705873      7.80600074
   19     16.23173466     25.62697940      7.01712402
   20      7.92163653      6.47520297      9.41019856
   21     33.83303923      6.16861490      9.72559568
   22     25.56931456      5.89039138      7.78967791
   23     16.33326705      6.81662816      7.13899166
   24      7.92003511     12.58349958      9.14235613
   25     33.62592928     12.21613579      9.91625122
   26     25.20255268     11.85771567      7.93522931
   27     16.54429575     13.22254902      7.07945551
   28      7.59187909     18.83262988      9.11899627
   29     33.92702362     18.40211544      9.49711697
   30     25.39912354     18.14348339      7.97873498
   31     16.33859764     19.39540893      7.00678712
   32      4.84462304      3.26416884      9.48318408
   33     30.90256950      3.03513640      9.00982583
   34     22.54674459      2.61182962      7.13529002
   35     13.36442996      3.89376792      7.96622035
   36      5.05775092      9.45072503      9.56102658
   37     30.79488783      9.22858297      9.77628980
   38     22.40845052      8.65001530      7.17520707
   39     13.61743188     10.03448261      8.06401410
   40      4.82251800     15.63836587      9.72499363
   41     30.82835240     15.27551847      9.45729725
   42     22.40373261     15.11443522      7.21828444
   43     13.46439493     16.15436183      7.59730416
   44      4.66646887     21.96783330      9.46707305
   45     30.98405669     21.47766459      9.03306159
   46     22.41973891     21.23963966      7.10123743
   47     13.41260563     22.38619939      7.39403337
   48      3.68961511      3.04665620     13.90442175
   49     28.82102401      2.83345836     12.90519532
   50     21.12373214      3.02925424     11.18678412
   51     12.82184669      3.60180978     12.57517314
   52      3.62145014      9.43880679     14.15078390
   53     28.78017225      9.06003477     13.66390263
   54     12.98351034     10.03754514     12.69547022
   55      3.83538976     15.64747723     14.19040429
   56     28.42379586     15.14761003     13.38680617
   57     19.64432678     14.57933592     10.53338338
   58     12.79207187     16.07194749     12.11993802
   59      3.44226941     21.66927484     14.06131748
   60     28.78343711     21.41362215     13.07486190
   61     20.67362102     21.83306455     11.35947464
   62     12.69563587     22.36390134     12.20564134

 Total charge:    -0.00000000

 Atomic gross charges (e)
 Atom           Charge
    1      -0.01117540
    2      -0.00517704
    3       0.01487356
    4       0.00441693
    5       0.00067969
    6      -0.00150119
    7      -0.02001864
    8       0.00549108
    9      -0.00487835
   10      -0.00647986
   11       0.00801610
   12       0.00564314
   13      -0.00428885
   14       0.00352254
   15       0.00669598
   16       0.01631152
   17      -0.01252736
   18      -0.02500793
   19      -0.00136975
   20      -0.00373773
   21      -0.00220032
   22      -0.00436458
   23       0.00611903
   24       0.01530971
   25       0.00992233
   26       0.00337789
   27      -0.01362809
   28       0.00325351
   29       0.01241110
   30       0.01347593
   31       0.02507571
   32       0.00414591
   33       0.00699086
   34       0.02852302
   35       0.00368622
   36      -0.01158478
   37       0.01259102
   38      -0.01093567
   39      -0.00191950
   40      -0.00787822
   41      -0.01910231
   42       0.00386619
   43      -0.01015688
   44      -0.02082038
   45       0.00956466
   46      -0.00673323
   47      -0.01368262
   48       0.00318695
   49      -0.00224805
   50      -0.00150455
   51      -0.01856538
   52      -0.01307206
   53       0.01019122
   54       0.00210083
   55       0.00314341
   56       0.00124912
   57      -0.00736545
   58      -0.00278838
   59       0.01278827
   60       0.00881828
   61       0.00952966
   62      -0.01025882

Nr. of electrons (up):    310.00000000
Atom populations (up)
 Atom       Population
    1       5.01117540
    2       5.00517704
    3       4.98512644
    4       4.99558307
    5       4.99932031
    6       5.00150119
    7       5.02001864
    8       4.99450892
    9       5.00487835
   10       5.00647986
   11       4.99198390
   12       4.99435686
   13       5.00428885
   14       4.99647746
   15       4.99330402
   16       4.98368848
   17       5.01252736
   18       5.02500793
   19       5.00136975
   20       5.00373773
   21       5.00220032
   22       5.00436458
   23       4.99388097
   24       4.98469029
   25       4.99007767
   26       4.99662211
   27       5.01362809
   28       4.99674649
   29       4.98758890
   30       4.98652407
   31       4.97492429
   32       4.99585409
   33       4.99300914
   34       4.97147698
   35       4.99631378
   36       5.01158478
   37       4.98740898
   38       5.01093567
   39       5.00191950
   40       5.00787822
   41       5.01910231
   42       4.99613381
   43       5.01015688
   44       5.02082038
   45       4.99043534
   46       5.00673323
   47       5.01368262
   48       4.99681305
   49       5.00224805
   50       5.00150455
   51       5.01856538
   52       5.01307206
   53       4.98980878
   54       4.99789917
   55       4.99685659
   56       4.99875088
   57       5.00736545
   58       5.00278838
   59       4.98721173
   60       4.99118172
   61       4.99047034
   62       5.01025882

l-shell populations (up)
 Atom Sh.   l       Population
    1   1   0       1.80526844
    1   2   1       3.20590696
    2   1   0       1.79064500
    2   2   1       3.21453204
    3   1   0       1.81960285
    3   2   1       3.16552359
    4   1   0       1.82596767
    4   2   1       3.16961540
    5   1   0       1.82357911
    5   2   1       3.17574120
    6   1   0       1.83860035
    6   2   1       3.16290084
    7   1   0       1.88397937
    7   2   1       3.13603927
    8   1   0       1.85554831
    8   2   1       3.13896061
    9   1   0       1.81723864
    9   2   1       3.18763970
   10   1   0       1.83036828
   10   2   1       3.17611158
   11   1   0       1.82061032
   11   2   1       3.17137358
   12   1   0       1.80683627
   12   2   1       3.18752058
   13   1   0       1.81037765
   13   2   1       3.19391121
   14   1   0       1.82984814
   14   2   1       3.16662932
   15   1   0       1.77350378
   15   2   1       3.21980024
   16   1   0       1.82903898
   16   2   1       3.15464950
   17   1   0       1.80965052
   17   2   1       3.20287684
   18   1   0       1.81307442
   18   2   1       3.21193351
   19   1   0       1.83726841
   19   2   1       3.16410135
   20   1   0       1.81796673
   20   2   1       3.18577100
   21   1   0       1.80850101
   21   2   1       3.19369930
   22   1   0       1.83364213
   22   2   1       3.17072246
   23   1   0       1.81525713
   23   2   1       3.17862383
   24   1   0       1.80871404
   24   2   1       3.17597625
   25   1   0       1.76976774
   25   2   1       3.22030993
   26   1   0       1.83203970
   26   2   1       3.16458241
   27   1   0       1.84235172
   27   2   1       3.17127638
   28   1   0       1.78007921
   28   2   1       3.21666728
   29   1   0       1.82454818
   29   2   1       3.16304072
   30   1   0       1.81506437
   30   2   1       3.17145969
   31   1   0       1.80088650
   31   2   1       3.17403778
   32   1   0       1.81104823
   32   2   1       3.18480587
   33   1   0       1.81928810
   33   2   1       3.17372104
   34   1   0       1.80682056
   34   2   1       3.16465641
   35   1   0       1.82303300
   35   2   1       3.17328078
   36   1   0       1.80208795
   36   2   1       3.20949683
   37   1   0       1.77293237
   37   2   1       3.21447661
   38   1   0       1.82019579
   38   2   1       3.19073989
   39   1   0       1.83002472
   39   2   1       3.17189478
   40   1   0       1.81589898
   40   2   1       3.19197924
   41   1   0       1.80720093
   41   2   1       3.21190138
   42   1   0       1.79610843
   42   2   1       3.20002538
   43   1   0       1.81611684
   43   2   1       3.19404004
   44   1   0       1.84280286
   44   2   1       3.17801752
   45   1   0       1.80705273
   45   2   1       3.18338261
   46   1   0       1.85142541
   46   2   1       3.15530782
   47   1   0       1.82086892
   47   2   1       3.19281369
   48   1   0       1.82688963
   48   2   1       3.16992342
   49   1   0       1.80327243
   49   2   1       3.19897562
   50   1   0       1.82521084
   50   2   1       3.17629370
   51   1   0       1.84743976
   51   2   1       3.17112563
   52   1   0       1.83740121
   52   2   1       3.17567085
   53   1   0       1.83362401
   53   2   1       3.15618477
   54   1   0       1.82799275
   54   2   1       3.16990641
   55   1   0       1.84083461
   55   2   1       3.15602198
   56   1   0       1.81708510
   56   2   1       3.18166578
   57   1   0       1.86612393
   57   2   1       3.14124152
   58   1   0       1.80936710
   58   2   1       3.19342127
   59   1   0       1.79974418
   59   2   1       3.18746755
   60   1   0       1.81156260
   60   2   1       3.17961912
   61   1   0       1.80649729
   61   2   1       3.18397305
   62   1   0       1.82051782
   62   2   1       3.18974100

Orbital populations (up)
 Atom Sh.   l   m       Population  Label
    1   1   0   0       1.80526844  s
    1   2   1  -1       0.95600675  p_y
    1   2   1   0       1.11416944  p_z
    1   2   1   1       1.13573076  p_x
    2   1   0   0       1.79064500  s
    2   2   1  -1       0.94362668  p_y
    2   2   1   0       1.05846276  p_z
    2   2   1   1       1.21244260  p_x
    3   1   0   0       1.81960285  s
    3   2   1  -1       0.95781430  p_y
    3   2   1   0       1.13750531  p_z
    3   2   1   1       1.07020397  p_x
    4   1   0   0       1.82596767  s
    4   2   1  -1       0.96910401  p_y
    4   2   1   0       1.16510931  p_z
    4   2   1   1       1.03540208  p_x
    5   1   0   0       1.82357911  s
    5   2   1  -1       0.96637533  p_y
    5   2   1   0       1.11261061  p_z
    5   2   1   1       1.09675525  p_x
    6   1   0   0       1.83860035  s
    6   2   1  -1       0.97223931  p_y
    6   2   1   0       1.02699752  p_z
    6   2   1   1       1.16366401  p_x
    7   1   0   0       1.88397937  s
    7   2   1  -1       1.05777775  p_y
    7   2   1   0       1.08184453  p_z
    7   2   1   1       0.99641699  p_x
    8   1   0   0       1.85554831  s
    8   2   1  -1       0.96179059  p_y
    8   2   1   0       1.14824141  p_z
    8   2   1   1       1.02892861  p_x
    9   1   0   0       1.81723864  s
    9   2   1  -1       0.96812140  p_y
    9   2   1   0       1.13423093  p_z
    9   2   1   1       1.08528737  p_x
   10   1   0   0       1.83036828  s
   10   2   1  -1       0.96894895  p_y
   10   2   1   0       1.03134061  p_z
   10   2   1   1       1.17582202  p_x
   11   1   0   0       1.82061032  s
   11   2   1  -1       0.99499378  p_y
   11   2   1   0       1.16578690  p_z
   11   2   1   1       1.01059290  p_x
   12   1   0   0       1.80683627  s
   12   2   1  -1       0.97558588  p_y
   12   2   1   0       1.09701481  p_z
   12   2   1   1       1.11491989  p_x
   13   1   0   0       1.81037765  s
   13   2   1  -1       0.97057033  p_y
   13   2   1   0       1.03056880  p_z
   13   2   1   1       1.19277208  p_x
   14   1   0   0       1.82984814  s
   14   2   1  -1       0.92472502  p_y
   14   2   1   0       1.12052905  p_z
   14   2   1   1       1.12137524  p_x
   15   1   0   0       1.77350378  s
   15   2   1  -1       0.95784076  p_y
   15   2   1   0       1.24541748  p_z
   15   2   1   1       1.01654200  p_x
   16   1   0   0       1.82903898  s
   16   2   1  -1       0.96838224  p_y
   16   2   1   0       1.15908718  p_z
   16   2   1   1       1.02718007  p_x
   17   1   0   0       1.80965052  s
   17   2   1  -1       0.94665832  p_y
   17   2   1   0       1.10817526  p_z
   17   2   1   1       1.14804327  p_x
   18   1   0   0       1.81307442  s
   18   2   1  -1       0.96378440  p_y
   18   2   1   0       1.05729439  p_z
   18   2   1   1       1.19085473  p_x
   19   1   0   0       1.83726841  s
   19   2   1  -1       0.95998715  p_y
   19   2   1   0       1.12931403  p_z
   19   2   1   1       1.07480017  p_x
   20   1   0   0       1.81796673  s
   20   2   1  -1       0.96574122  p_y
   20   2   1   0       1.15124669  p_z
   20   2   1   1       1.06878310  p_x
   21   1   0   0       1.80850101  s
   21   2   1  -1       0.97209237  p_y
   21   2   1   0       1.10489940  p_z
   21   2   1   1       1.11670753  p_x
   22   1   0   0       1.83364213  s
   22   2   1  -1       0.98789210  p_y
   22   2   1   0       1.02779991  p_z
   22   2   1   1       1.15503044  p_x
   23   1   0   0       1.81525713  s
   23   2   1  -1       0.95799143  p_y
   23   2   1   0       1.25369114  p_z
   23   2   1   1       0.96694126  p_x
   24   1   0   0       1.80871404  s
   24   2   1  -1       0.97537461  p_y
   24   2   1   0       1.17289057  p_z
   24   2   1   1       1.02771107  p_x
   25   1   0   0       1.76976774  s
   25   2   1  -1       0.95544290  p_y
   25   2   1   0       1.12182057  p_z
   25   2   1   1       1.14304647  p_x
   26   1   0   0       1.83203970  s
   26   2   1  -1       0.94525954  p_y
   26   2   1   0       1.03634680  p_z
   26   2   1   1       1.18297607  p_x
   27   1   0   0       1.84235172  s
   27   2   1  -1       0.96671978  p_y
   27   2   1   0       1.23208267  p_z
   27   2   1   1       0.97247392  p_x
   28   1   0   0       1.78007921  s
   28   2   1  -1       0.95738456  p_y
   28   2   1   0       1.24202543  p_z
   28   2   1   1       1.01725729  p_x
   29   1   0   0       1.82454818  s
   29   2   1  -1       0.97302113  p_y
   29   2   1   0       1.09030489  p_z
   29   2   1   1       1.09971470  p_x
   30   1   0   0       1.81506437  s
   30   2   1  -1       0.97439604  p_y
   30   2   1   0       1.03932011  p_z
   30   2   1   1       1.15774355  p_x
   31   1   0   0       1.80088650  s
   31   2   1  -1       0.96272454  p_y
   31   2   1   0       1.14144141  p_z
   31   2   1   1       1.06987184  p_x
   32   1   0   0       1.81104823  s
   32   2   1  -1       0.96985768  p_y
   32   2   1   0       1.08939176  p_z
   32   2   1   1       1.12555643  p_x
   33   1   0   0       1.81928810  s
   33   2   1  -1       0.96092477  p_y
   33   2   1   0       1.19270368  p_z
   33   2   1   1       1.02009259  p_x
   34   1   0   0       1.80682056  s
   34   2   1  -1       0.96554592  p_y
   34   2   1   0       1.15552431  p_z
   34   2   1   1       1.04358619  p_x
   35   1   0   0       1.82303300  s
   35   2   1  -1       0.96462583  p_y
   35   2   1   0       1.03816601  p_z
   35   2   1   1       1.17048894  p_x
   36   1   0   0       1.80208795  s
   36   2   1  -1       0.95771293  p_y
   36   2   1   0       1.10533562  p_z
   36   2   1   1       1.14644828  p_x
   37   1   0   0       1.77293237  s
   37   2   1  -1       0.96569655  p_y
   37   2   1   0       1.19007211  p_z
   37   2   1   1       1.05870796  p_x
   38   1   0   0       1.82019579  s
   38   2   1  -1       0.96447102  p_y
   38   2   1   0       1.24548478  p_z
   38   2   1   1       0.98078408  p_x
   39   1   0   0       1.83002472  s
   39   2   1  -1       0.95513137  p_y
   39   2   1   0       1.03077227  p_z
   39   2   1   1       1.18599114  p_x
   40   1   0   0       1.81589898  s
   40   2   1  -1       0.96689568  p_y
   40   2   1   0       1.06831868  p_z
   40   2   1   1       1.15676488  p_x
   41   1   0   0       1.80720093  s
   41   2   1  -1       0.96465404  p_y
   41   2   1   0       1.20702251  p_z
   41   2   1   1       1.04022484  p_x
   42   1   0   0       1.79610843  s
   42   2   1  -1       0.95922105  p_y
   42   2   1   0       1.27866521  p_z
   42   2   1   1       0.96213912  p_x
   43   1   0   0       1.81611684  s
   43   2   1  -1       0.97249764  p_y
   43   2   1   0       1.05167318  p_z
   43   2   1   1       1.16986922  p_x
   44   1   0   0       1.84280286  s
   44   2   1  -1       0.95948871  p_y
   44   2   1   0       1.08642985  p_z
   44   2   1   1       1.13209896  p_x
   45   1   0   0       1.80705273  s
   45   2   1  -1       0.95327935  p_y
   45   2   1   0       1.18963076  p_z
   45   2   1   1       1.04047249  p_x
   46   1   0   0       1.85142541  s
   46   2   1  -1       0.97208025  p_y
   46   2   1   0       1.13894362  p_z
   46   2   1   1       1.04428395  p_x
   47   1   0   0       1.82086892  s
   47   2   1  -1       0.95529015  p_y
   47   2   1   0       1.06264483  p_z
   47   2   1   1       1.17487871  p_x
   48   1   0   0       1.82688963  s
   48   2   1  -1       0.96927639  p_y
   48   2   1   0       1.09892354  p_z
   48   2   1   1       1.10172349  p_x
   49   1   0   0       1.80327243  s
   49   2   1  -1       0.95763189  p_y
   49   2   1   0       1.20259510  p_z
   49   2   1   1       1.03874863  p_x
   50   1   0   0       1.82521084  s
   50   2   1  -1       0.92153917  p_y
   50   2   1   0       1.14157447  p_z
   50   2   1   1       1.11318006  p_x
   51   1   0   0       1.84743976  s
   51   2   1  -1       0.96068292  p_y
   51   2   1   0       1.03172804  p_z
   51   2   1   1       1.17871466  p_x
   52   1   0   0       1.83740121  s
   52   2   1  -1       0.95404102  p_y
   52   2   1   0       1.11221881  p_z
   52   2   1   1       1.10941102  p_x
   53   1   0   0       1.83362401  s
   53   2   1  -1       1.00805835  p_y
   53   2   1   0       1.16247526  p_z
   53   2   1   1       0.98565116  p_x
   54   1   0   0       1.82799275  s
   54   2   1  -1       0.98137383  p_y
   54   2   1   0       1.04250877  p_z
   54   2   1   1       1.14602382  p_x
   55   1   0   0       1.84083461  s
   55   2   1  -1       0.98517592  p_y
   55   2   1   0       1.10003785  p_z
   55   2   1   1       1.07080822  p_x
   56   1   0   0       1.81708510  s
   56   2   1  -1       0.95227573  p_y
   56   2   1   0       1.20409159  p_z
   56   2   1   1       1.02529846  p_x
   57   1   0   0       1.86612393  s
   57   2   1  -1       1.06461875  p_y
   57   2   1   0       1.09172396  p_z
   57   2   1   1       0.98489881  p_x
   58   1   0   0       1.80936710  s
   58   2   1  -1       0.96899502  p_y
   58   2   1   0       1.05521008  p_z
   58   2   1   1       1.16921617  p_x
   59   1   0   0       1.79974418  s
   59   2   1  -1       0.94710553  p_y
   59   2   1   0       1.10572878  p_z
   59   2   1   1       1.13463324  p_x
   60   1   0   0       1.81156260  s
   60   2   1  -1       0.96682966  p_y
   60   2   1   0       1.18990804  p_z
   60   2   1   1       1.02288143  p_x
   61   1   0   0       1.80649729  s
   61   2   1  -1       0.94970211  p_y
   61   2   1   0       1.14939944  p_z
   61   2   1   1       1.08487150  p_x
   62   1   0   0       1.82051782  s
   62   2   1  -1       0.95374489  p_y
   62   2   1   0       1.05547134  p_z
   62   2   1   1       1.18052478  p_x

Fermi level:                        -0.1502132369 H           -4.0875 eV
Band energy:                      -113.3242555845 H        -3083.7099 eV
TS:                                  0.0000000000 H            0.0000 eV
Band free energy (E-TS):          -113.3242555845 H        -3083.7099 eV
Extrapolated E(0K):               -113.3242555845 H        -3083.7099 eV
Input / Output electrons (q):    310.0000000000    310.0000000000

Energy H0:                        -113.3355144340 H        -3084.0163 eV
Energy SCC:                          0.0003295475 H            0.0090 eV
Total Electronic energy:          -113.3351848865 H        -3084.0073 eV
Repulsive energy:                    0.8013003587 H           21.8045 eV
Dispersion energy:                   0.6245506642 H           16.9949 eV
Total energy:                     -111.9093338636 H        -3045.2079 eV
Extrapolated to 0:                -111.9093338636 H        -3045.2079 eV
Total Mermin free energy:         -111.9093338636 H        -3045.2079 eV
Force related energy:             -111.9093338636 H        -3045.2079 eV

SCC converged

Full geometry written in md.{xyz|gen}

MD Kinetic Energy:                   0.0722918856 H
Total MD Energy:                  -111.8370419780 H
Pressure:                            0.373375E-04 au     0.109851E+10 Pa
MD Temperature:                      0.0007900753 H          249.4857 K
MD Kinetic Energy:                   0.0722918856 H
Total MD Energy:                  -111.8370419780 H        -3043.2408 eV
MD Temperature:                      0.0007900753 H          249.4857 K

Molecular dynamics completed

