 KPT            1  SPIN            1  KWEIGHT   0.11111111111111110     
     1   -17.679  2.00000
     2   -17.440  2.00000
     3   -17.385  2.00000
     4   -17.057  2.00000
     5   -17.052  2.00000
     6   -16.856  2.00000
     7   -16.820  2.00000
     8   -16.802  2.00000
     9   -16.759  2.00000
    10   -16.726  2.00000
    11   -16.668  2.00000
    12   -16.201  2.00000
    13   -16.170  2.00000
    14   -16.149  2.00000
    15   -16.125  2.00000
    16   -16.084  2.00000
    17   -16.049  2.00000
    18   -15.921  2.00000
    19   -15.549  2.00000
    20   -15.505  2.00000
    21   -15.488  2.00000
    22   -15.459  2.00000
    23   -15.343  2.00000
    24   -15.247  2.00000
    25   -15.241  2.00000
    26   -15.220  2.00000
    27   -15.143  2.00000
    28   -15.121  2.00000
    29   -15.083  2.00000
    30   -15.055  2.00000
    31   -14.977  2.00000
    32   -14.905  2.00000
    33   -13.434  2.00000
    34   -13.400  2.00000
    35   -13.381  2.00000
    36   -13.352  2.00000
    37   -13.342  2.00000
    38   -13.331  2.00000
    39   -13.314  2.00000
    40   -13.290  2.00000
    41   -13.249  2.00000
    42   -13.244  2.00000
    43   -13.203  2.00000
    44   -13.165  2.00000
    45   -13.126  2.00000
    46   -13.102  2.00000
    47   -13.012  2.00000
    48   -12.951  2.00000
    49   -12.748  2.00000
    50   -12.678  2.00000
    51   -12.640  2.00000
    52   -12.571  2.00000
    53   -12.541  2.00000
    54   -12.491  2.00000
    55   -12.434  2.00000
    56   -11.572  2.00000
    57   -11.538  2.00000
    58   -11.507  2.00000
    59   -11.474  2.00000
    60   -11.403  2.00000
    61   -11.347  2.00000
    62   -10.975  2.00000
    63   -10.938  2.00000
    64   -10.265  2.00000
    65    -9.006  2.00000
    66    -8.680  2.00000
    67    -8.667  2.00000
    68    -8.627  2.00000
    69    -8.597  2.00000
    70    -8.582  2.00000
    71    -8.555  2.00000
    72    -8.539  2.00000
    73    -8.509  2.00000
    74    -8.483  2.00000
    75    -8.465  2.00000
    76    -8.442  2.00000
    77    -8.419  2.00000
    78    -8.404  2.00000
    79    -8.382  2.00000
    80    -8.367  2.00000
    81    -8.345  2.00000
    82    -8.317  2.00000
    83    -8.293  2.00000
    84    -8.285  2.00000
    85    -8.250  2.00000
    86    -8.209  2.00000
    87    -8.191  2.00000
    88    -8.178  2.00000
    89    -8.156  2.00000
    90    -8.066  2.00000
    91    -8.045  2.00000
    92    -8.035  2.00000
    93    -7.968  2.00000
    94    -7.893  2.00000
    95    -7.772  2.00000
    96    -7.760  2.00000
    97    -7.728  2.00000
    98    -7.718  2.00000
    99    -7.530  2.00000
   100    -7.506  2.00000
   101    -7.464  2.00000
   102    -7.434  2.00000
   103    -7.402  2.00000
   104    -7.396  2.00000
   105    -7.245  2.00000
   106    -7.232  2.00000
   107    -7.184  2.00000
   108    -7.170  2.00000
   109    -7.131  2.00000
   110    -7.113  2.00000
   111    -7.088  2.00000
   112    -7.037  2.00000
   113    -7.025  2.00000
   114    -7.005  2.00000
   115    -6.914  2.00000
   116    -6.880  2.00000
   117    -6.838  2.00000
   118    -6.658  2.00000
   119    -6.631  2.00000
   120    -6.608  2.00000
   121    -6.595  2.00000
   122    -6.581  2.00000
   123    -6.546  2.00000
   124    -6.422  2.00000
   125    -6.395  2.00000
   126    -6.369  2.00000
   127    -6.363  2.00000
   128    -6.340  2.00000
   129    -6.294  2.00000
   130    -6.292  2.00000
   131    -6.281  2.00000
   132    -6.250  2.00000
   133    -6.229  2.00000
   134    -6.223  2.00000
   135    -6.171  2.00000
   136    -6.168  2.00000
   137    -6.133  2.00000
   138    -6.125  2.00000
   139    -6.092  2.00000
   140    -6.083  2.00000
   141    -6.064  2.00000
   142    -6.032  2.00000
   143    -6.027  2.00000
   144    -6.004  2.00000
   145    -5.970  2.00000
   146    -5.948  2.00000
   147    -5.917  2.00000
   148    -5.890  2.00000
   149    -5.863  2.00000
   150    -5.835  2.00000
   151    -5.743  2.00000
   152    -5.710  2.00000
   153    -5.652  2.00000
   154    -5.591  2.00000
   155    -5.553  2.00000
   156    -5.461  2.00000
   157    -5.413  2.00000
   158    -5.403  2.00000
   159    -5.366  2.00000
   160    -5.071  2.00000
   161    -3.085  0.00000
   162    -2.662  0.00000
   163    -2.388  0.00000
   164    -2.268  0.00000
   165    -2.189  0.00000
   166    -2.067  0.00000
   167    -1.981  0.00000
   168    -1.884  0.00000
   169    -1.869  0.00000
   170    -1.688  0.00000
   171    -1.682  0.00000
   172    -1.538  0.00000
   173    -1.481  0.00000
   174    -1.414  0.00000
   175    -1.381  0.00000
   176    -1.360  0.00000
   177    -1.303  0.00000
   178    -1.285  0.00000
   179    -1.266  0.00000
   180    -1.201  0.00000
   181    -1.159  0.00000
   182    -1.152  0.00000
   183    -1.114  0.00000
   184    -1.104  0.00000
   185    -1.088  0.00000
   186    -1.042  0.00000
   187    -1.005  0.00000
   188    -0.976  0.00000
   189    -0.963  0.00000
   190    -0.937  0.00000
   191    -0.907  0.00000
   192    -0.855  0.00000
   193    -0.822  0.00000
   194    -0.769  0.00000
   195    -0.733  0.00000
   196    -0.722  0.00000
   197    -0.661  0.00000
   198    -0.609  0.00000
   199    -0.576  0.00000
   200    -0.554  0.00000
   201    -0.505  0.00000
   202    -0.483  0.00000
   203    -0.405  0.00000
   204    -0.384  0.00000
   205    -0.372  0.00000
   206    -0.358  0.00000
   207    -0.287  0.00000
   208    -0.229  0.00000
   209    -0.212  0.00000
   210    -0.135  0.00000
   211    -0.115  0.00000
   212    -0.062  0.00000
   213    -0.045  0.00000
   214     0.023  0.00000
   215     0.071  0.00000
   216     0.120  0.00000
   217     0.128  0.00000
   218     0.189  0.00000
   219     0.213  0.00000
   220     0.260  0.00000
   221     0.273  0.00000
   222     0.362  0.00000
   223     0.371  0.00000
   224     0.432  0.00000
   225     0.458  0.00000
   226     0.525  0.00000
   227     0.553  0.00000
   228     0.565  0.00000
   229     0.639  0.00000
   230     0.697  0.00000
   231     0.774  0.00000
   232     0.843  0.00000
   233     0.914  0.00000
   234     1.005  0.00000
   235     1.069  0.00000
   236     1.103  0.00000
   237     1.155  0.00000
   238     1.215  0.00000
   239     1.293  0.00000
   240     1.313  0.00000
   241     1.372  0.00000
   242     1.397  0.00000
   243     1.521  0.00000
   244     1.573  0.00000
   245     1.619  0.00000
   246     1.841  0.00000
   247     1.872  0.00000
   248     1.876  0.00000
   249     1.923  0.00000
   250     1.972  0.00000
   251     2.131  0.00000
   252     2.166  0.00000
   253     2.250  0.00000
   254     2.329  0.00000
   255     2.363  0.00000
   256     2.483  0.00000

 KPT            2  SPIN            1  KWEIGHT   0.22222222222222221     
     1   -17.611  2.00000
     2   -17.403  2.00000
     3   -17.370  2.00000
     4   -17.312  2.00000
     5   -17.156  2.00000
     6   -17.101  2.00000
     7   -16.717  2.00000
     8   -16.671  2.00000
     9   -16.576  2.00000
    10   -16.500  2.00000
    11   -16.443  2.00000
    12   -16.326  2.00000
    13   -16.290  2.00000
    14   -16.063  2.00000
    15   -16.041  2.00000
    16   -15.969  2.00000
    17   -15.884  2.00000
    18   -15.841  2.00000
    19   -15.822  2.00000
    20   -15.754  2.00000
    21   -15.718  2.00000
    22   -15.685  2.00000
    23   -15.641  2.00000
    24   -15.583  2.00000
    25   -15.239  2.00000
    26   -15.197  2.00000
    27   -15.055  2.00000
    28   -15.021  2.00000
    29   -14.781  2.00000
    30   -14.741  2.00000
    31   -14.720  2.00000
    32   -14.511  2.00000
    33   -14.106  2.00000
    34   -13.843  2.00000
    35   -13.741  2.00000
    36   -13.730  2.00000
    37   -13.493  2.00000
    38   -13.486  2.00000
    39   -13.122  2.00000
    40   -13.095  2.00000
    41   -13.056  2.00000
    42   -13.027  2.00000
    43   -12.999  2.00000
    44   -12.979  2.00000
    45   -12.929  2.00000
    46   -12.795  2.00000
    47   -12.734  2.00000
    48   -12.698  2.00000
    49   -12.665  2.00000
    50   -12.628  2.00000
    51   -12.594  2.00000
    52   -12.544  2.00000
    53   -12.527  2.00000
    54   -12.506  2.00000
    55   -12.460  2.00000
    56   -11.935  2.00000
    57   -11.925  2.00000
    58   -11.662  2.00000
    59   -11.425  2.00000
    60   -11.399  2.00000
    61   -11.372  2.00000
    62   -11.311  2.00000
    63   -10.520  2.00000
    64   -10.315  2.00000
    65    -8.960  2.00000
    66    -8.939  2.00000
    67    -8.921  2.00000
    68    -8.894  2.00000
    69    -8.888  2.00000
    70    -8.853  2.00000
    71    -8.828  2.00000
    72    -8.807  2.00000
    73    -8.765  2.00000
    74    -8.742  2.00000
    75    -8.358  2.00000
    76    -8.332  2.00000
    77    -8.300  2.00000
    78    -8.270  2.00000
    79    -8.239  2.00000
    80    -8.235  2.00000
    81    -8.219  2.00000
    82    -8.188  2.00000
    83    -8.177  2.00000
    84    -8.148  2.00000
    85    -8.138  2.00000
    86    -8.026  2.00000
    87    -7.975  2.00000
    88    -7.964  2.00000
    89    -7.939  2.00000
    90    -7.912  2.00000
    91    -7.893  2.00000
    92    -7.881  2.00000
    93    -7.821  2.00000
    94    -7.701  2.00000
    95    -7.639  2.00000
    96    -7.611  2.00000
    97    -7.566  2.00000
    98    -7.490  2.00000
    99    -7.469  2.00000
   100    -7.393  2.00000
   101    -7.372  2.00000
   102    -7.332  2.00000
   103    -7.314  2.00000
   104    -7.294  2.00000
   105    -7.283  2.00000
   106    -7.257  2.00000
   107    -7.245  2.00000
   108    -7.228  2.00000
   109    -7.208  2.00000
   110    -7.170  2.00000
   111    -7.148  2.00000
   112    -7.110  2.00000
   113    -7.072  2.00000
   114    -7.051  2.00000
   115    -6.925  2.00000
   116    -6.893  2.00000
   117    -6.856  2.00000
   118    -6.821  2.00000
   119    -6.607  2.00000
   120    -6.563  2.00000
   121    -6.557  2.00000
   122    -6.541  2.00000
   123    -6.532  2.00000
   124    -6.495  2.00000
   125    -6.483  2.00000
   126    -6.467  2.00000
   127    -6.458  2.00000
   128    -6.446  2.00000
   129    -6.427  2.00000
   130    -6.416  2.00000
   131    -6.378  2.00000
   132    -6.350  2.00000
   133    -6.323  2.00000
   134    -6.285  2.00000
   135    -6.268  2.00000
   136    -6.246  2.00000
   137    -6.209  2.00000
   138    -6.149  2.00000
   139    -6.114  2.00000
   140    -6.095  2.00000
   141    -6.063  2.00000
   142    -6.039  2.00000
   143    -5.987  2.00000
   144    -5.976  2.00000
   145    -5.958  2.00000
   146    -5.945  2.00000
   147    -5.909  2.00000
   148    -5.896  2.00000
   149    -5.865  2.00000
   150    -5.797  2.00000
   151    -5.771  2.00000
   152    -5.715  2.00000
   153    -5.665  2.00000
   154    -5.637  2.00000
   155    -5.611  2.00000
   156    -5.568  2.00000
   157    -5.434  2.00000
   158    -5.405  2.00000
   159    -5.231  2.00000
   160    -5.109  2.00000
   161    -3.041  0.00000
   162    -2.801  0.00000
   163    -2.300  0.00000
   164    -2.214  0.00000
   165    -2.171  0.00000
   166    -2.078  0.00000
   167    -1.999  0.00000
   168    -1.834  0.00000
   169    -1.799  0.00000
   170    -1.677  0.00000
   171    -1.632  0.00000
   172    -1.590  0.00000
   173    -1.559  0.00000
   174    -1.498  0.00000
   175    -1.453  0.00000
   176    -1.423  0.00000
   177    -1.358  0.00000
   178    -1.273  0.00000
   179    -1.265  0.00000
   180    -1.221  0.00000
   181    -1.184  0.00000
   182    -1.151  0.00000
   183    -1.105  0.00000
   184    -1.076  0.00000
   185    -1.044  0.00000
   186    -1.026  0.00000
   187    -0.980  0.00000
   188    -0.961  0.00000
   189    -0.905  0.00000
   190    -0.855  0.00000
   191    -0.848  0.00000
   192    -0.821  0.00000
   193    -0.785  0.00000
   194    -0.755  0.00000
   195    -0.728  0.00000
   196    -0.688  0.00000
   197    -0.653  0.00000
   198    -0.603  0.00000
   199    -0.586  0.00000
   200    -0.531  0.00000
   201    -0.506  0.00000
   202    -0.472  0.00000
   203    -0.468  0.00000
   204    -0.426  0.00000
   205    -0.351  0.00000
   206    -0.339  0.00000
   207    -0.308  0.00000
   208    -0.229  0.00000
   209    -0.168  0.00000
   210    -0.150  0.00000
   211    -0.094  0.00000
   212    -0.071  0.00000
   213    -0.022  0.00000
   214    -0.002  0.00000
   215     0.038  0.00000
   216     0.163  0.00000
   217     0.183  0.00000
   218     0.229  0.00000
   219     0.243  0.00000
   220     0.315  0.00000
   221     0.337  0.00000
   222     0.394  0.00000
   223     0.420  0.00000
   224     0.439  0.00000
   225     0.478  0.00000
   226     0.534  0.00000
   227     0.546  0.00000
   228     0.627  0.00000
   229     0.659  0.00000
   230     0.721  0.00000
   231     0.769  0.00000
   232     0.824  0.00000
   233     0.908  0.00000
   234     0.950  0.00000
   235     1.014  0.00000
   236     1.073  0.00000
   237     1.133  0.00000
   238     1.201  0.00000
   239     1.253  0.00000
   240     1.321  0.00000
   241     1.328  0.00000
   242     1.441  0.00000
   243     1.462  0.00000
   244     1.534  0.00000
   245     1.633  0.00000
   246     1.722  0.00000
   247     1.813  0.00000
   248     1.850  0.00000
   249     1.932  0.00000
   250     2.001  0.00000
   251     2.121  0.00000
   252     2.169  0.00000
   253     2.280  0.00000
   254     2.316  0.00000
   255     2.355  0.00000
   256     2.486  0.00000

 KPT            3  SPIN            1  KWEIGHT   0.22222222222222221     
     1   -17.659  2.00000
     2   -17.542  2.00000
     3   -17.233  2.00000
     4   -17.050  2.00000
     5   -17.037  2.00000
     6   -16.989  2.00000
     7   -16.916  2.00000
     8   -16.908  2.00000
     9   -16.609  2.00000
    10   -16.596  2.00000
    11   -16.505  2.00000
    12   -16.385  2.00000
    13   -16.361  2.00000
    14   -16.270  2.00000
    15   -16.021  2.00000
    16   -15.952  2.00000
    17   -15.896  2.00000
    18   -15.873  2.00000
    19   -15.681  2.00000
    20   -15.656  2.00000
    21   -15.407  2.00000
    22   -15.386  2.00000
    23   -15.349  2.00000
    24   -15.267  2.00000
    25   -15.226  2.00000
    26   -15.211  2.00000
    27   -15.162  2.00000
    28   -15.149  2.00000
    29   -15.057  2.00000
    30   -15.022  2.00000
    31   -14.990  2.00000
    32   -14.916  2.00000
    33   -13.434  2.00000
    34   -13.401  2.00000
    35   -13.380  2.00000
    36   -13.353  2.00000
    37   -13.343  2.00000
    38   -13.328  2.00000
    39   -13.312  2.00000
    40   -13.295  2.00000
    41   -13.263  2.00000
    42   -13.242  2.00000
    43   -13.232  2.00000
    44   -13.177  2.00000
    45   -13.040  2.00000
    46   -13.022  2.00000
    47   -12.983  2.00000
    48   -12.899  2.00000
    49   -12.863  2.00000
    50   -12.827  2.00000
    51   -12.781  2.00000
    52   -12.751  2.00000
    53   -12.302  2.00000
    54   -12.236  2.00000
    55   -12.181  2.00000
    56   -11.894  2.00000
    57   -11.858  2.00000
    58   -11.786  2.00000
    59   -11.254  2.00000
    60   -11.209  2.00000
    61   -11.049  2.00000
    62   -11.011  2.00000
    63   -10.889  2.00000
    64   -10.462  2.00000
    65    -8.872  2.00000
    66    -8.692  2.00000
    67    -8.669  2.00000
    68    -8.630  2.00000
    69    -8.611  2.00000
    70    -8.601  2.00000
    71    -8.577  2.00000
    72    -8.565  2.00000
    73    -8.537  2.00000
    74    -8.513  2.00000
    75    -8.476  2.00000
    76    -8.456  2.00000
    77    -8.444  2.00000
    78    -8.414  2.00000
    79    -8.359  2.00000
    80    -8.340  2.00000
    81    -8.302  2.00000
    82    -8.291  2.00000
    83    -8.269  2.00000
    84    -8.238  2.00000
    85    -8.216  2.00000
    86    -8.188  2.00000
    87    -8.168  2.00000
    88    -8.152  2.00000
    89    -8.135  2.00000
    90    -8.121  2.00000
    91    -8.082  2.00000
    92    -8.037  2.00000
    93    -8.007  2.00000
    94    -8.002  2.00000
    95    -7.929  2.00000
    96    -7.757  2.00000
    97    -7.618  2.00000
    98    -7.537  2.00000
    99    -7.499  2.00000
   100    -7.490  2.00000
   101    -7.469  2.00000
   102    -7.411  2.00000
   103    -7.375  2.00000
   104    -7.341  2.00000
   105    -7.308  2.00000
   106    -7.298  2.00000
   107    -7.276  2.00000
   108    -7.252  2.00000
   109    -7.227  2.00000
   110    -7.202  2.00000
   111    -7.111  2.00000
   112    -7.090  2.00000
   113    -6.904  2.00000
   114    -6.878  2.00000
   115    -6.836  2.00000
   116    -6.820  2.00000
   117    -6.790  2.00000
   118    -6.770  2.00000
   119    -6.717  2.00000
   120    -6.575  2.00000
   121    -6.561  2.00000
   122    -6.457  2.00000
   123    -6.443  2.00000
   124    -6.404  2.00000
   125    -6.372  2.00000
   126    -6.365  2.00000
   127    -6.350  2.00000
   128    -6.341  2.00000
   129    -6.314  2.00000
   130    -6.295  2.00000
   131    -6.277  2.00000
   132    -6.267  2.00000
   133    -6.253  2.00000
   134    -6.223  2.00000
   135    -6.200  2.00000
   136    -6.191  2.00000
   137    -6.172  2.00000
   138    -6.153  2.00000
   139    -6.116  2.00000
   140    -6.112  2.00000
   141    -6.097  2.00000
   142    -6.084  2.00000
   143    -6.040  2.00000
   144    -6.027  2.00000
   145    -6.003  2.00000
   146    -5.961  2.00000
   147    -5.906  2.00000
   148    -5.890  2.00000
   149    -5.814  2.00000
   150    -5.789  2.00000
   151    -5.727  2.00000
   152    -5.690  2.00000
   153    -5.661  2.00000
   154    -5.617  2.00000
   155    -5.540  2.00000
   156    -5.498  2.00000
   157    -5.482  2.00000
   158    -5.297  2.00000
   159    -5.229  2.00000
   160    -5.192  2.00000
   161    -2.972  0.00000
   162    -2.677  0.00000
   163    -2.530  0.00000
   164    -2.338  0.00000
   165    -2.206  0.00000
   166    -2.133  0.00000
   167    -1.879  0.00000
   168    -1.776  0.00000
   169    -1.708  0.00000
   170    -1.682  0.00000
   171    -1.627  0.00000
   172    -1.573  0.00000
   173    -1.515  0.00000
   174    -1.464  0.00000
   175    -1.408  0.00000
   176    -1.384  0.00000
   177    -1.338  0.00000
   178    -1.318  0.00000
   179    -1.280  0.00000
   180    -1.246  0.00000
   181    -1.201  0.00000
   182    -1.175  0.00000
   183    -1.147  0.00000
   184    -1.100  0.00000
   185    -1.084  0.00000
   186    -1.045  0.00000
   187    -0.992  0.00000
   188    -0.961  0.00000
   189    -0.927  0.00000
   190    -0.911  0.00000
   191    -0.890  0.00000
   192    -0.867  0.00000
   193    -0.811  0.00000
   194    -0.779  0.00000
   195    -0.731  0.00000
   196    -0.668  0.00000
   197    -0.654  0.00000
   198    -0.621  0.00000
   199    -0.561  0.00000
   200    -0.544  0.00000
   201    -0.507  0.00000
   202    -0.472  0.00000
   203    -0.420  0.00000
   204    -0.386  0.00000
   205    -0.374  0.00000
   206    -0.309  0.00000
   207    -0.291  0.00000
   208    -0.266  0.00000
   209    -0.170  0.00000
   210    -0.153  0.00000
   211    -0.135  0.00000
   212    -0.069  0.00000
   213    -0.041  0.00000
   214     0.035  0.00000
   215     0.085  0.00000
   216     0.118  0.00000
   217     0.142  0.00000
   218     0.196  0.00000
   219     0.215  0.00000
   220     0.287  0.00000
   221     0.312  0.00000
   222     0.372  0.00000
   223     0.403  0.00000
   224     0.435  0.00000
   225     0.481  0.00000
   226     0.512  0.00000
   227     0.545  0.00000
   228     0.563  0.00000
   229     0.624  0.00000
   230     0.675  0.00000
   231     0.753  0.00000
   232     0.780  0.00000
   233     0.871  0.00000
   234     0.922  0.00000
   235     0.992  0.00000
   236     1.071  0.00000
   237     1.168  0.00000
   238     1.182  0.00000
   239     1.254  0.00000
   240     1.350  0.00000
   241     1.437  0.00000
   242     1.491  0.00000
   243     1.527  0.00000
   244     1.627  0.00000
   245     1.651  0.00000
   246     1.781  0.00000
   247     1.866  0.00000
   248     1.872  0.00000
   249     1.986  0.00000
   250     2.026  0.00000
   251     2.128  0.00000
   252     2.171  0.00000
   253     2.229  0.00000
   254     2.302  0.00000
   255     2.340  0.00000
   256     2.471  0.00000

 KPT            4  SPIN            1  KWEIGHT   0.22222222222222221     
     1   -17.590  2.00000
     2   -17.474  2.00000
     3   -17.378  2.00000
     4   -17.257  2.00000
     5   -17.159  2.00000
     6   -16.986  2.00000
     7   -16.890  2.00000
     8   -16.724  2.00000
     9   -16.556  2.00000
    10   -16.480  2.00000
    11   -16.395  2.00000
    12   -16.243  2.00000
    13   -16.210  2.00000
    14   -16.134  2.00000
    15   -16.033  2.00000
    16   -15.968  2.00000
    17   -15.940  2.00000
    18   -15.898  2.00000
    19   -15.860  2.00000
    20   -15.818  2.00000
    21   -15.708  2.00000
    22   -15.646  2.00000
    23   -15.561  2.00000
    24   -15.460  2.00000
    25   -15.373  2.00000
    26   -15.230  2.00000
    27   -15.045  2.00000
    28   -14.913  2.00000
    29   -14.857  2.00000
    30   -14.779  2.00000
    31   -14.643  2.00000
    32   -14.542  2.00000
    33   -14.054  2.00000
    34   -13.914  2.00000
    35   -13.797  2.00000
    36   -13.674  2.00000
    37   -13.528  2.00000
    38   -13.312  2.00000
    39   -13.252  2.00000
    40   -13.068  2.00000
    41   -13.045  2.00000
    42   -12.994  2.00000
    43   -12.984  2.00000
    44   -12.941  2.00000
    45   -12.905  2.00000
    46   -12.873  2.00000
    47   -12.839  2.00000
    48   -12.825  2.00000
    49   -12.778  2.00000
    50   -12.699  2.00000
    51   -12.532  2.00000
    52   -12.510  2.00000
    53   -12.392  2.00000
    54   -12.276  2.00000
    55   -12.247  2.00000
    56   -12.103  2.00000
    57   -11.844  2.00000
    58   -11.792  2.00000
    59   -11.766  2.00000
    60   -11.685  2.00000
    61   -10.983  2.00000
    62   -10.899  2.00000
    63   -10.647  2.00000
    64   -10.493  2.00000
    65    -9.020  2.00000
    66    -8.994  2.00000
    67    -8.968  2.00000
    68    -8.944  2.00000
    69    -8.821  2.00000
    70    -8.726  2.00000
    71    -8.696  2.00000
    72    -8.672  2.00000
    73    -8.632  2.00000
    74    -8.576  2.00000
    75    -8.544  2.00000
    76    -8.477  2.00000
    77    -8.450  2.00000
    78    -8.420  2.00000
    79    -8.385  2.00000
    80    -8.320  2.00000
    81    -8.264  2.00000
    82    -8.230  2.00000
    83    -8.121  2.00000
    84    -8.080  2.00000
    85    -8.044  2.00000
    86    -8.017  2.00000
    87    -7.965  2.00000
    88    -7.928  2.00000
    89    -7.883  2.00000
    90    -7.853  2.00000
    91    -7.829  2.00000
    92    -7.758  2.00000
    93    -7.731  2.00000
    94    -7.671  2.00000
    95    -7.641  2.00000
    96    -7.618  2.00000
    97    -7.581  2.00000
    98    -7.551  2.00000
    99    -7.527  2.00000
   100    -7.507  2.00000
   101    -7.497  2.00000
   102    -7.461  2.00000
   103    -7.356  2.00000
   104    -7.318  2.00000
   105    -7.291  2.00000
   106    -7.219  2.00000
   107    -7.195  2.00000
   108    -7.188  2.00000
   109    -7.147  2.00000
   110    -7.119  2.00000
   111    -7.061  2.00000
   112    -7.024  2.00000
   113    -6.982  2.00000
   114    -6.957  2.00000
   115    -6.936  2.00000
   116    -6.855  2.00000
   117    -6.836  2.00000
   118    -6.800  2.00000
   119    -6.780  2.00000
   120    -6.747  2.00000
   121    -6.692  2.00000
   122    -6.597  2.00000
   123    -6.550  2.00000
   124    -6.507  2.00000
   125    -6.482  2.00000
   126    -6.455  2.00000
   127    -6.436  2.00000
   128    -6.429  2.00000
   129    -6.402  2.00000
   130    -6.370  2.00000
   131    -6.356  2.00000
   132    -6.338  2.00000
   133    -6.317  2.00000
   134    -6.262  2.00000
   135    -6.214  2.00000
   136    -6.203  2.00000
   137    -6.193  2.00000
   138    -6.147  2.00000
   139    -6.121  2.00000
   140    -6.106  2.00000
   141    -6.082  2.00000
   142    -6.064  2.00000
   143    -6.047  2.00000
   144    -6.010  2.00000
   145    -5.996  2.00000
   146    -5.957  2.00000
   147    -5.907  2.00000
   148    -5.844  2.00000
   149    -5.808  2.00000
   150    -5.765  2.00000
   151    -5.757  2.00000
   152    -5.696  2.00000
   153    -5.674  2.00000
   154    -5.638  2.00000
   155    -5.575  2.00000
   156    -5.523  2.00000
   157    -5.417  2.00000
   158    -5.345  2.00000
   159    -5.297  2.00000
   160    -5.226  2.00000
   161    -2.940  0.00000
   162    -2.730  0.00000
   163    -2.567  0.00000
   164    -2.394  0.00000
   165    -2.091  0.00000
   166    -1.991  0.00000
   167    -1.893  0.00000
   168    -1.758  0.00000
   169    -1.722  0.00000
   170    -1.657  0.00000
   171    -1.631  0.00000
   172    -1.585  0.00000
   173    -1.555  0.00000
   174    -1.491  0.00000
   175    -1.452  0.00000
   176    -1.410  0.00000
   177    -1.343  0.00000
   178    -1.324  0.00000
   179    -1.272  0.00000
   180    -1.252  0.00000
   181    -1.230  0.00000
   182    -1.164  0.00000
   183    -1.130  0.00000
   184    -1.097  0.00000
   185    -1.072  0.00000
   186    -1.039  0.00000
   187    -1.001  0.00000
   188    -0.985  0.00000
   189    -0.921  0.00000
   190    -0.886  0.00000
   191    -0.849  0.00000
   192    -0.823  0.00000
   193    -0.763  0.00000
   194    -0.753  0.00000
   195    -0.706  0.00000
   196    -0.672  0.00000
   197    -0.639  0.00000
   198    -0.615  0.00000
   199    -0.590  0.00000
   200    -0.553  0.00000
   201    -0.516  0.00000
   202    -0.488  0.00000
   203    -0.400  0.00000
   204    -0.384  0.00000
   205    -0.342  0.00000
   206    -0.290  0.00000
   207    -0.267  0.00000
   208    -0.235  0.00000
   209    -0.192  0.00000
   210    -0.150  0.00000
   211    -0.112  0.00000
   212    -0.079  0.00000
   213    -0.016  0.00000
   214     0.004  0.00000
   215     0.069  0.00000
   216     0.073  0.00000
   217     0.166  0.00000
   218     0.195  0.00000
   219     0.264  0.00000
   220     0.308  0.00000
   221     0.342  0.00000
   222     0.396  0.00000
   223     0.431  0.00000
   224     0.468  0.00000
   225     0.482  0.00000
   226     0.538  0.00000
   227     0.571  0.00000
   228     0.622  0.00000
   229     0.664  0.00000
   230     0.685  0.00000
   231     0.807  0.00000
   232     0.841  0.00000
   233     0.916  0.00000
   234     0.947  0.00000
   235     1.007  0.00000
   236     1.065  0.00000
   237     1.113  0.00000
   238     1.178  0.00000
   239     1.235  0.00000
   240     1.287  0.00000
   241     1.392  0.00000
   242     1.435  0.00000
   243     1.467  0.00000
   244     1.590  0.00000
   245     1.609  0.00000
   246     1.729  0.00000
   247     1.815  0.00000
   248     1.867  0.00000
   249     1.889  0.00000
   250     2.018  0.00000
   251     2.110  0.00000
   252     2.116  0.00000
   253     2.268  0.00000
   254     2.305  0.00000
   255     2.395  0.00000
   256     2.505  0.00000

 KPT            5  SPIN            1  KWEIGHT   0.22222222222222221     
     1   -17.590  2.00000
     2   -17.476  2.00000
     3   -17.375  2.00000
     4   -17.259  2.00000
     5   -17.162  2.00000
     6   -16.978  2.00000
     7   -16.896  2.00000
     8   -16.723  2.00000
     9   -16.552  2.00000
    10   -16.482  2.00000
    11   -16.397  2.00000
    12   -16.259  2.00000
    13   -16.192  2.00000
    14   -16.140  2.00000
    15   -16.011  2.00000
    16   -15.966  2.00000
    17   -15.953  2.00000
    18   -15.903  2.00000
    19   -15.872  2.00000
    20   -15.813  2.00000
    21   -15.703  2.00000
    22   -15.643  2.00000
    23   -15.562  2.00000
    24   -15.446  2.00000
    25   -15.394  2.00000
    26   -15.225  2.00000
    27   -15.040  2.00000
    28   -14.909  2.00000
    29   -14.868  2.00000
    30   -14.781  2.00000
    31   -14.634  2.00000
    32   -14.547  2.00000
    33   -14.049  2.00000
    34   -13.921  2.00000
    35   -13.798  2.00000
    36   -13.669  2.00000
    37   -13.523  2.00000
    38   -13.317  2.00000
    39   -13.264  2.00000
    40   -13.059  2.00000
    41   -13.030  2.00000
    42   -12.997  2.00000
    43   -12.983  2.00000
    44   -12.936  2.00000
    45   -12.930  2.00000
    46   -12.871  2.00000
    47   -12.834  2.00000
    48   -12.810  2.00000
    49   -12.781  2.00000
    50   -12.709  2.00000
    51   -12.538  2.00000
    52   -12.502  2.00000
    53   -12.417  2.00000
    54   -12.271  2.00000
    55   -12.200  2.00000
    56   -12.130  2.00000
    57   -11.858  2.00000
    58   -11.791  2.00000
    59   -11.765  2.00000
    60   -11.677  2.00000
    61   -10.979  2.00000
    62   -10.902  2.00000
    63   -10.649  2.00000
    64   -10.492  2.00000
    65    -9.018  2.00000
    66    -8.990  2.00000
    67    -8.970  2.00000
    68    -8.947  2.00000
    69    -8.826  2.00000
    70    -8.711  2.00000
    71    -8.688  2.00000
    72    -8.678  2.00000
    73    -8.646  2.00000
    74    -8.576  2.00000
    75    -8.539  2.00000
    76    -8.505  2.00000
    77    -8.443  2.00000
    78    -8.407  2.00000
    79    -8.377  2.00000
    80    -8.326  2.00000
    81    -8.253  2.00000
    82    -8.238  2.00000
    83    -8.128  2.00000
    84    -8.068  2.00000
    85    -8.053  2.00000
    86    -8.009  2.00000
    87    -7.972  2.00000
    88    -7.924  2.00000
    89    -7.887  2.00000
    90    -7.864  2.00000
    91    -7.811  2.00000
    92    -7.757  2.00000
    93    -7.718  2.00000
    94    -7.684  2.00000
    95    -7.640  2.00000
    96    -7.627  2.00000
    97    -7.581  2.00000
    98    -7.555  2.00000
    99    -7.529  2.00000
   100    -7.511  2.00000
   101    -7.480  2.00000
   102    -7.466  2.00000
   103    -7.355  2.00000
   104    -7.316  2.00000
   105    -7.287  2.00000
   106    -7.218  2.00000
   107    -7.200  2.00000
   108    -7.188  2.00000
   109    -7.154  2.00000
   110    -7.118  2.00000
   111    -7.069  2.00000
   112    -7.016  2.00000
   113    -6.979  2.00000
   114    -6.972  2.00000
   115    -6.917  2.00000
   116    -6.878  2.00000
   117    -6.824  2.00000
   118    -6.797  2.00000
   119    -6.769  2.00000
   120    -6.745  2.00000
   121    -6.704  2.00000
   122    -6.599  2.00000
   123    -6.548  2.00000
   124    -6.514  2.00000
   125    -6.479  2.00000
   126    -6.443  2.00000
   127    -6.437  2.00000
   128    -6.414  2.00000
   129    -6.401  2.00000
   130    -6.384  2.00000
   131    -6.357  2.00000
   132    -6.342  2.00000
   133    -6.320  2.00000
   134    -6.248  2.00000
   135    -6.216  2.00000
   136    -6.198  2.00000
   137    -6.189  2.00000
   138    -6.166  2.00000
   139    -6.136  2.00000
   140    -6.110  2.00000
   141    -6.082  2.00000
   142    -6.061  2.00000
   143    -6.036  2.00000
   144    -6.008  2.00000
   145    -5.986  2.00000
   146    -5.947  2.00000
   147    -5.914  2.00000
   148    -5.870  2.00000
   149    -5.798  2.00000
   150    -5.770  2.00000
   151    -5.734  2.00000
   152    -5.701  2.00000
   153    -5.683  2.00000
   154    -5.634  2.00000
   155    -5.580  2.00000
   156    -5.530  2.00000
   157    -5.403  2.00000
   158    -5.339  2.00000
   159    -5.310  2.00000
   160    -5.224  2.00000
   161    -2.941  0.00000
   162    -2.732  0.00000
   163    -2.562  0.00000
   164    -2.395  0.00000
   165    -2.118  0.00000
   166    -1.953  0.00000
   167    -1.882  0.00000
   168    -1.768  0.00000
   169    -1.747  0.00000
   170    -1.681  0.00000
   171    -1.635  0.00000
   172    -1.576  0.00000
   173    -1.505  0.00000
   174    -1.486  0.00000
   175    -1.443  0.00000
   176    -1.427  0.00000
   177    -1.361  0.00000
   178    -1.356  0.00000
   179    -1.290  0.00000
   180    -1.225  0.00000
   181    -1.192  0.00000
   182    -1.159  0.00000
   183    -1.135  0.00000
   184    -1.097  0.00000
   185    -1.077  0.00000
   186    -1.037  0.00000
   187    -0.999  0.00000
   188    -0.970  0.00000
   189    -0.944  0.00000
   190    -0.897  0.00000
   191    -0.858  0.00000
   192    -0.807  0.00000
   193    -0.769  0.00000
   194    -0.762  0.00000
   195    -0.714  0.00000
   196    -0.664  0.00000
   197    -0.632  0.00000
   198    -0.609  0.00000
   199    -0.586  0.00000
   200    -0.552  0.00000
   201    -0.513  0.00000
   202    -0.470  0.00000
   203    -0.429  0.00000
   204    -0.400  0.00000
   205    -0.367  0.00000
   206    -0.310  0.00000
   207    -0.261  0.00000
   208    -0.193  0.00000
   209    -0.178  0.00000
   210    -0.128  0.00000
   211    -0.110  0.00000
   212    -0.089  0.00000
   213    -0.041  0.00000
   214    -0.012  0.00000
   215     0.054  0.00000
   216     0.085  0.00000
   217     0.196  0.00000
   218     0.211  0.00000
   219     0.285  0.00000
   220     0.306  0.00000
   221     0.352  0.00000
   222     0.368  0.00000
   223     0.405  0.00000
   224     0.460  0.00000
   225     0.497  0.00000
   226     0.556  0.00000
   227     0.583  0.00000
   228     0.624  0.00000
   229     0.649  0.00000
   230     0.715  0.00000
   231     0.798  0.00000
   232     0.821  0.00000
   233     0.859  0.00000
   234     0.972  0.00000
   235     1.000  0.00000
   236     1.041  0.00000
   237     1.096  0.00000
   238     1.181  0.00000
   239     1.226  0.00000
   240     1.306  0.00000
   241     1.411  0.00000
   242     1.456  0.00000
   243     1.528  0.00000
   244     1.571  0.00000
   245     1.654  0.00000
   246     1.707  0.00000
   247     1.773  0.00000
   248     1.837  0.00000
   249     1.927  0.00000
   250     1.975  0.00000
   251     2.083  0.00000
   252     2.144  0.00000
   253     2.250  0.00000
   254     2.330  0.00000
   255     2.420  0.00000
   256     2.488  0.00000

