 Fermi distribution function

MD step: 10000


********************************************************************************
 iSCC Total electronic   Diff electronic      SCC error    
    6   -0.11711473E+03   -0.27415297E-08    0.67915315E-05
********************************************************************************

Coordinates of moved atoms (au):
    1      0.72743290     24.99230712     12.75327503
    2     26.24557832     25.04124221     12.48706094
    3     17.81940337     25.08191633     12.67147823
    4      9.34933534     24.73997986     12.78763357
    5      0.77485384      6.15543516     12.97438961
    6     26.41659106      6.24169959     12.80469698
    7     17.94529901      6.23796005     12.67703607
    8      9.06577545      6.10252804     12.69842309
    9      0.78657771     12.44278373     12.78460788
   10     26.46670986     12.62536040     12.81785763
   11     17.80817816     12.69698673     12.90936505
   12      9.06506936     12.50804742     12.77747114
   13      0.63282867     18.78696007     12.84460208
   14     26.41835674     18.87582851     13.00444636
   15     17.87435438     18.82589169     12.78905599
   16      9.27338840     18.60321956     12.86494339
   17      7.81956272     24.87118066      8.49020011
   18     33.72463815     25.09180015      8.54216846
   19     25.18134486     24.96285046      8.37464012
   20     16.37063050     25.00986973      8.34242816
   21      8.02303645      6.15702571      8.37067580
   22     33.97704889      6.35091297      8.44598732
   23     25.14098900      6.48874709      8.31251381
   24     16.60237264      6.17989479      8.41743717
   25      7.98610061     12.52863261      8.34674832
   26     33.81767280     12.42707812      8.49283179
   27     25.17810500     12.55873496      8.43513575
   28     16.41388029     12.50019978      8.60741112
   29      7.80883217     18.71767741      8.64265470
   30     33.84187201     18.60681102      8.48365294
   31     25.23543480     18.72094635      8.43709318
   32     16.57497933     18.68360886      8.38227104
   33      4.83250806      3.02611183      8.46412872
   34     30.93066042      3.33145350      8.39368792
   35     22.28963962      3.22426382      8.30452014
   36     13.45398829      3.10042964      8.33116523
   37      5.13451159      9.31791135      8.29511755
   38     30.77184654      9.33637180      8.44133276
   39     22.03585497      9.45536934      8.44542931
   40     13.62953148      9.24212969      8.50072732
   41      4.83975927     15.32208250      8.39167700
   42     30.87849084     15.58229913      8.36393983
   43     22.27767176     15.79867489      8.44776954
   44     13.55454578     15.74168346      8.34333878
   45      4.89273761     21.82488190      8.63995245
   46     30.75009018     21.81035516      8.42794257
   47     22.16601486     21.97070262      8.25855983
   48     13.56058403     21.82592035      8.38650565
   49      3.71890090      2.97266094     12.84573302
   50     29.43436932      3.16623258     12.78589674
   51     20.85964605      3.19582368     12.55312218
   52     12.13005380      3.02860034     12.71416559
   53      3.84125197      9.15915411     12.63102233
   54     29.45607469      9.42181638     12.74501650
   55     20.65191948      9.47502560     12.75158768
   56     12.17580255      9.26393436     12.73572958
   57      3.88739420     15.66259626     12.82471576
   58     29.50181302     15.88211962     12.82610998
   59     20.95112005     15.80114492     12.87698663
   60     12.13921270     15.45834583     12.72273559
   61      3.50381569     21.82421762     13.01168476
   62     29.41916414     22.04850895     12.93201600
   63     20.87199492     21.87362234     12.73288129
   64     12.25413728     21.70161253     12.65840674

 Total charge:    -0.00000000

 Atomic gross charges (e)
 Atom           Charge
    1      -0.00004341
    2       0.00431547
    3      -0.01202413
    4      -0.00059308
    5       0.01044647
    6      -0.00559522
    7       0.01312883
    8       0.00756211
    9      -0.01705484
   10      -0.00709553
   11       0.00024347
   12       0.01539072
   13       0.00572093
   14       0.00799547
   15       0.00321522
   16       0.00735912
   17      -0.00111170
   18      -0.01124977
   19       0.02130457
   20       0.00359585
   21      -0.00162911
   22       0.00479522
   23       0.00681779
   24       0.00594497
   25       0.01611606
   26       0.00037203
   27      -0.00629157
   28      -0.01600789
   29      -0.02760554
   30       0.00262080
   31       0.00084414
   32       0.00752191
   33      -0.00051915
   34       0.00060843
   35      -0.01588923
   36       0.00222680
   37      -0.00020144
   38       0.00639125
   39      -0.00155803
   40       0.00547923
   41       0.00936943
   42       0.00879232
   43       0.00445426
   44       0.00377288
   45       0.00218011
   46      -0.01525986
   47      -0.00726196
   48       0.00087567
   49       0.00979966
   50      -0.00521641
   51       0.00067509
   52      -0.00883186
   53      -0.01319238
   54      -0.00622630
   55       0.00058245
   56      -0.02161740
   57      -0.00180688
   58      -0.00835873
   59       0.00314349
   60      -0.00312786
   61       0.01128375
   62      -0.00441575
   63      -0.00105146
   64       0.00589051

Nr. of electrons (up):    320.00000000
Atom populations (up)
 Atom       Population
    1       5.00004341
    2       4.99568453
    3       5.01202413
    4       5.00059308
    5       4.98955353
    6       5.00559522
    7       4.98687117
    8       4.99243789
    9       5.01705484
   10       5.00709553
   11       4.99975653
   12       4.98460928
   13       4.99427907
   14       4.99200453
   15       4.99678478
   16       4.99264088
   17       5.00111170
   18       5.01124977
   19       4.97869543
   20       4.99640415
   21       5.00162911
   22       4.99520478
   23       4.99318221
   24       4.99405503
   25       4.98388394
   26       4.99962797
   27       5.00629157
   28       5.01600789
   29       5.02760554
   30       4.99737920
   31       4.99915586
   32       4.99247809
   33       5.00051915
   34       4.99939157
   35       5.01588923
   36       4.99777320
   37       5.00020144
   38       4.99360875
   39       5.00155803
   40       4.99452077
   41       4.99063057
   42       4.99120768
   43       4.99554574
   44       4.99622712
   45       4.99781989
   46       5.01525986
   47       5.00726196
   48       4.99912433
   49       4.99020034
   50       5.00521641
   51       4.99932491
   52       5.00883186
   53       5.01319238
   54       5.00622630
   55       4.99941755
   56       5.02161740
   57       5.00180688
   58       5.00835873
   59       4.99685651
   60       5.00312786
   61       4.98871625
   62       5.00441575
   63       5.00105146
   64       4.99410949

l-shell populations (up)
 Atom Sh.   l       Population
    1   1   0       1.77897461
    1   2   1       3.22106880
    2   1   0       1.80619690
    2   2   1       3.18948763
    3   1   0       1.83024274
    3   2   1       3.18178138
    4   1   0       1.80003074
    4   2   1       3.20056234
    5   1   0       1.83093709
    5   2   1       3.15861643
    6   1   0       1.83275328
    6   2   1       3.17284193
    7   1   0       1.78348727
    7   2   1       3.20338390
    8   1   0       1.82205616
    8   2   1       3.17038173
    9   1   0       1.84067275
    9   2   1       3.17638209
   10   1   0       1.83520499
   10   2   1       3.17189054
   11   1   0       1.82070046
   11   2   1       3.17905606
   12   1   0       1.83044548
   12   2   1       3.15416380
   13   1   0       1.81577603
   13   2   1       3.17850305
   14   1   0       1.83426518
   14   2   1       3.15773935
   15   1   0       1.81591247
   15   2   1       3.18087232
   16   1   0       1.80069001
   16   2   1       3.19195087
   17   1   0       1.80778971
   17   2   1       3.19332198
   18   1   0       1.80447418
   18   2   1       3.20677559
   19   1   0       1.77989462
   19   2   1       3.19880081
   20   1   0       1.79816453
   20   2   1       3.19823962
   21   1   0       1.81955146
   21   2   1       3.18207765
   22   1   0       1.83400232
   22   2   1       3.16120246
   23   1   0       1.82592824
   23   2   1       3.16725397
   24   1   0       1.81295648
   24   2   1       3.18109855
   25   1   0       1.80602682
   25   2   1       3.17785712
   26   1   0       1.81200962
   26   2   1       3.18761835
   27   1   0       1.83037309
   27   2   1       3.17591849
   28   1   0       1.80450891
   28   2   1       3.21149898
   29   1   0       1.81671470
   29   2   1       3.21089084
   30   1   0       1.81582501
   30   2   1       3.18155419
   31   1   0       1.82544548
   31   2   1       3.17371038
   32   1   0       1.81267360
   32   2   1       3.17980449
   33   1   0       1.83155127
   33   2   1       3.16896788
   34   1   0       1.81395920
   34   2   1       3.18543237
   35   1   0       1.81133461
   35   2   1       3.20455462
   36   1   0       1.81956581
   36   2   1       3.17820738
   37   1   0       1.80596450
   37   2   1       3.19423694
   38   1   0       1.82259022
   38   2   1       3.17101852
   39   1   0       1.82019724
   39   2   1       3.18136078
   40   1   0       1.79621631
   40   2   1       3.19830446
   41   1   0       1.82507192
   41   2   1       3.16555865
   42   1   0       1.81684077
   42   2   1       3.17436692
   43   1   0       1.80533936
   43   2   1       3.19020638
   44   1   0       1.81042786
   44   2   1       3.18579927
   45   1   0       1.80142254
   45   2   1       3.19639735
   46   1   0       1.85043366
   46   2   1       3.16482620
   47   1   0       1.83333239
   47   2   1       3.17392957
   48   1   0       1.80248098
   48   2   1       3.19664335
   49   1   0       1.80595847
   49   2   1       3.18424187
   50   1   0       1.83866004
   50   2   1       3.16655636
   51   1   0       1.79707652
   51   2   1       3.20224839
   52   1   0       1.81605113
   52   2   1       3.19278073
   53   1   0       1.82412186
   53   2   1       3.18907051
   54   1   0       1.82288025
   54   2   1       3.18334606
   55   1   0       1.79467600
   55   2   1       3.20474154
   56   1   0       1.83608858
   56   2   1       3.18552882
   57   1   0       1.85148143
   57   2   1       3.15032545
   58   1   0       1.83515653
   58   2   1       3.17320220
   59   1   0       1.83296269
   59   2   1       3.16389382
   60   1   0       1.80747367
   60   2   1       3.19565420
   61   1   0       1.79544684
   61   2   1       3.19326941
   62   1   0       1.84217799
   62   2   1       3.16223775
   63   1   0       1.83046713
   63   2   1       3.17058433
   64   1   0       1.79216945
   64   2   1       3.20194004

Orbital populations (up)
 Atom Sh.   l   m       Population  Label
    1   1   0   0       1.77897461  s
    1   2   1  -1       0.96071190  p_y
    1   2   1   0       1.13658058  p_z
    1   2   1   1       1.12377631  p_x
    2   1   0   0       1.80619690  s
    2   2   1  -1       0.99091067  p_y
    2   2   1   0       1.11540138  p_z
    2   2   1   1       1.08317558  p_x
    3   1   0   0       1.83024274  s
    3   2   1  -1       0.97186274  p_y
    3   2   1   0       1.12665809  p_z
    3   2   1   1       1.08326055  p_x
    4   1   0   0       1.80003074  s
    4   2   1  -1       0.95353006  p_y
    4   2   1   0       1.13778687  p_z
    4   2   1   1       1.10924542  p_x
    5   1   0   0       1.83093709  s
    5   2   1  -1       0.97124526  p_y
    5   2   1   0       1.10172471  p_z
    5   2   1   1       1.08564647  p_x
    6   1   0   0       1.83275328  s
    6   2   1  -1       0.96996612  p_y
    6   2   1   0       1.10569736  p_z
    6   2   1   1       1.09717846  p_x
    7   1   0   0       1.78348727  s
    7   2   1  -1       0.95225017  p_y
    7   2   1   0       1.12687717  p_z
    7   2   1   1       1.12425656  p_x
    8   1   0   0       1.82205616  s
    8   2   1  -1       0.98063482  p_y
    8   2   1   0       1.10319854  p_z
    8   2   1   1       1.08654837  p_x
    9   1   0   0       1.84067275  s
    9   2   1  -1       0.97422765  p_y
    9   2   1   0       1.11670670  p_z
    9   2   1   1       1.08544773  p_x
   10   1   0   0       1.83520499  s
   10   2   1  -1       0.96650624  p_y
   10   2   1   0       1.10845501  p_z
   10   2   1   1       1.09692929  p_x
   11   1   0   0       1.82070046  s
   11   2   1  -1       0.96510391  p_y
   11   2   1   0       1.13112749  p_z
   11   2   1   1       1.08282466  p_x
   12   1   0   0       1.83044548  s
   12   2   1  -1       0.98040809  p_y
   12   2   1   0       1.09843791  p_z
   12   2   1   1       1.07531780  p_x
   13   1   0   0       1.81577603  s
   13   2   1  -1       0.98020867  p_y
   13   2   1   0       1.10781291  p_z
   13   2   1   1       1.09048147  p_x
   14   1   0   0       1.83426518  s
   14   2   1  -1       0.97652045  p_y
   14   2   1   0       1.09601282  p_z
   14   2   1   1       1.08520608  p_x
   15   1   0   0       1.81591247  s
   15   2   1  -1       0.97663451  p_y
   15   2   1   0       1.11261561  p_z
   15   2   1   1       1.09162220  p_x
   16   1   0   0       1.80069001  s
   16   2   1  -1       0.96296646  p_y
   16   2   1   0       1.14540847  p_z
   16   2   1   1       1.08357594  p_x
   17   1   0   0       1.80778971  s
   17   2   1  -1       0.96485609  p_y
   17   2   1   0       1.13572686  p_z
   17   2   1   1       1.09273903  p_x
   18   1   0   0       1.80447418  s
   18   2   1  -1       0.95697000  p_y
   18   2   1   0       1.12822668  p_z
   18   2   1   1       1.12157891  p_x
   19   1   0   0       1.77989462  s
   19   2   1  -1       0.96621020  p_y
   19   2   1   0       1.12329416  p_z
   19   2   1   1       1.10929645  p_x
   20   1   0   0       1.79816453  s
   20   2   1  -1       0.95389741  p_y
   20   2   1   0       1.13048436  p_z
   20   2   1   1       1.11385785  p_x
   21   1   0   0       1.81955146  s
   21   2   1  -1       0.97773898  p_y
   21   2   1   0       1.10615561  p_z
   21   2   1   1       1.09818306  p_x
   22   1   0   0       1.83400232  s
   22   2   1  -1       0.98609228  p_y
   22   2   1   0       1.09771400  p_z
   22   2   1   1       1.07739617  p_x
   23   1   0   0       1.82592824  s
   23   2   1  -1       0.96222814  p_y
   23   2   1   0       1.10915741  p_z
   23   2   1   1       1.09586842  p_x
   24   1   0   0       1.81295648  s
   24   2   1  -1       0.97287436  p_y
   24   2   1   0       1.13183951  p_z
   24   2   1   1       1.07638469  p_x
   25   1   0   0       1.80602682  s
   25   2   1  -1       0.97697663  p_y
   25   2   1   0       1.09961491  p_z
   25   2   1   1       1.10126558  p_x
   26   1   0   0       1.81200962  s
   26   2   1  -1       0.96565224  p_y
   26   2   1   0       1.12885179  p_z
   26   2   1   1       1.09311432  p_x
   27   1   0   0       1.83037309  s
   27   2   1  -1       0.96674227  p_y
   27   2   1   0       1.11506597  p_z
   27   2   1   1       1.09411025  p_x
   28   1   0   0       1.80450891  s
   28   2   1  -1       0.94811361  p_y
   28   2   1   0       1.11921955  p_z
   28   2   1   1       1.14416582  p_x
   29   1   0   0       1.81671470  s
   29   2   1  -1       0.96525570  p_y
   29   2   1   0       1.12773265  p_z
   29   2   1   1       1.11790249  p_x
   30   1   0   0       1.81582501  s
   30   2   1  -1       0.97333748  p_y
   30   2   1   0       1.10508717  p_z
   30   2   1   1       1.10312954  p_x
   31   1   0   0       1.82544548  s
   31   2   1  -1       0.97158148  p_y
   31   2   1   0       1.09149134  p_z
   31   2   1   1       1.11063755  p_x
   32   1   0   0       1.81267360  s
   32   2   1  -1       0.97519557  p_y
   32   2   1   0       1.10952727  p_z
   32   2   1   1       1.09508165  p_x
   33   1   0   0       1.83155127  s
   33   2   1  -1       0.97883209  p_y
   33   2   1   0       1.10173734  p_z
   33   2   1   1       1.08839845  p_x
   34   1   0   0       1.81395920  s
   34   2   1  -1       0.95690124  p_y
   34   2   1   0       1.12657961  p_z
   34   2   1   1       1.10195152  p_x
   35   1   0   0       1.81133461  s
   35   2   1  -1       0.95431753  p_y
   35   2   1   0       1.13594322  p_z
   35   2   1   1       1.11429387  p_x
   36   1   0   0       1.81956581  s
   36   2   1  -1       0.97324263  p_y
   36   2   1   0       1.12124160  p_z
   36   2   1   1       1.08372315  p_x
   37   1   0   0       1.80596450  s
   37   2   1  -1       0.95396945  p_y
   37   2   1   0       1.12490054  p_z
   37   2   1   1       1.11536695  p_x
   38   1   0   0       1.82259022  s
   38   2   1  -1       0.98202152  p_y
   38   2   1   0       1.12622291  p_z
   38   2   1   1       1.06277409  p_x
   39   1   0   0       1.82019724  s
   39   2   1  -1       0.98280021  p_y
   39   2   1   0       1.12719094  p_z
   39   2   1   1       1.07136964  p_x
   40   1   0   0       1.79621631  s
   40   2   1  -1       0.95475041  p_y
   40   2   1   0       1.13757244  p_z
   40   2   1   1       1.10598161  p_x
   41   1   0   0       1.82507192  s
   41   2   1  -1       0.97980378  p_y
   41   2   1   0       1.09465072  p_z
   41   2   1   1       1.09110414  p_x
   42   1   0   0       1.81684077  s
   42   2   1  -1       0.96385269  p_y
   42   2   1   0       1.11746597  p_z
   42   2   1   1       1.09304826  p_x
   43   1   0   0       1.80533936  s
   43   2   1  -1       0.96736513  p_y
   43   2   1   0       1.10888310  p_z
   43   2   1   1       1.11395815  p_x
   44   1   0   0       1.81042786  s
   44   2   1  -1       0.96573659  p_y
   44   2   1   0       1.12522614  p_z
   44   2   1   1       1.09483654  p_x
   45   1   0   0       1.80142254  s
   45   2   1  -1       0.96240143  p_y
   45   2   1   0       1.11696623  p_z
   45   2   1   1       1.11702969  p_x
   46   1   0   0       1.85043366  s
   46   2   1  -1       0.96799315  p_y
   46   2   1   0       1.10441835  p_z
   46   2   1   1       1.09241471  p_x
   47   1   0   0       1.83333239  s
   47   2   1  -1       0.97558291  p_y
   47   2   1   0       1.11080020  p_z
   47   2   1   1       1.08754646  p_x
   48   1   0   0       1.80248098  s
   48   2   1  -1       0.95903931  p_y
   48   2   1   0       1.12585429  p_z
   48   2   1   1       1.11174974  p_x
   49   1   0   0       1.80595847  s
   49   2   1  -1       0.97015298  p_y
   49   2   1   0       1.10669789  p_z
   49   2   1   1       1.10739099  p_x
   50   1   0   0       1.83866004  s
   50   2   1  -1       0.98026830  p_y
   50   2   1   0       1.12222870  p_z
   50   2   1   1       1.06405937  p_x
   51   1   0   0       1.79707652  s
   51   2   1  -1       0.96795265  p_y
   51   2   1   0       1.13366956  p_z
   51   2   1   1       1.10062618  p_x
   52   1   0   0       1.81605113  s
   52   2   1  -1       0.96170027  p_y
   52   2   1   0       1.11425068  p_z
   52   2   1   1       1.11682978  p_x
   53   1   0   0       1.82412186  s
   53   2   1  -1       0.97608372  p_y
   53   2   1   0       1.10723621  p_z
   53   2   1   1       1.10575059  p_x
   54   1   0   0       1.82288025  s
   54   2   1  -1       0.97027991  p_y
   54   2   1   0       1.10778993  p_z
   54   2   1   1       1.10527622  p_x
   55   1   0   0       1.79467600  s
   55   2   1  -1       0.94546942  p_y
   55   2   1   0       1.12165399  p_z
   55   2   1   1       1.13761813  p_x
   56   1   0   0       1.83608858  s
   56   2   1  -1       0.97551645  p_y
   56   2   1   0       1.13380887  p_z
   56   2   1   1       1.07620351  p_x
   57   1   0   0       1.85148143  s
   57   2   1  -1       0.98705050  p_y
   57   2   1   0       1.08669999  p_z
   57   2   1   1       1.07657496  p_x
   58   1   0   0       1.83515653  s
   58   2   1  -1       0.97060800  p_y
   58   2   1   0       1.10689283  p_z
   58   2   1   1       1.09570137  p_x
   59   1   0   0       1.83296269  s
   59   2   1  -1       0.97912401  p_y
   59   2   1   0       1.11122221  p_z
   59   2   1   1       1.07354760  p_x
   60   1   0   0       1.80747367  s
   60   2   1  -1       0.96828767  p_y
   60   2   1   0       1.11823147  p_z
   60   2   1   1       1.10913505  p_x
   61   1   0   0       1.79544684  s
   61   2   1  -1       0.95336150  p_y
   61   2   1   0       1.13450664  p_z
   61   2   1   1       1.10540128  p_x
   62   1   0   0       1.84217799  s
   62   2   1  -1       0.97939235  p_y
   62   2   1   0       1.11132176  p_z
   62   2   1   1       1.07152365  p_x
   63   1   0   0       1.83046713  s
   63   2   1  -1       0.96981460  p_y
   63   2   1   0       1.10803736  p_z
   63   2   1   1       1.09273236  p_x
   64   1   0   0       1.79216945  s
   64   2   1  -1       0.96719803  p_y
   64   2   1   0       1.12012971  p_z
   64   2   1   1       1.11461230  p_x

Fermi level:                        -0.1498559912 H           -4.0778 eV
Band energy:                      -117.1085337179 H        -3186.6853 eV
TS:                                  0.0000000000 H            0.0000 eV
Band free energy (E-TS):          -117.1085337179 H        -3186.6853 eV
Extrapolated E(0K):               -117.1085337179 H        -3186.6853 eV
Input / Output electrons (q):    320.0000000000    320.0000000000

Energy H0:                        -117.1149819704 H        -3186.8608 eV
Energy SCC:                          0.0002497214 H            0.0068 eV
Total Electronic energy:          -117.1147322489 H        -3186.8540 eV
Repulsive energy:                    0.8517729200 H           23.1779 eV
Dispersion energy:                   0.6881205613 H           18.7247 eV
Total energy:                     -115.5748387676 H        -3144.9514 eV
Extrapolated to 0:                -115.5748387676 H        -3144.9514 eV
Total Mermin free energy:         -115.5748387676 H        -3144.9514 eV
Force related energy:             -115.5748387676 H        -3144.9514 eV

SCC converged

Full geometry written in md.{xyz|gen}

MD Kinetic Energy:                   0.0887566248 H
Total MD Energy:                  -115.4860821427 H
Pressure:                            0.497342E-04 au     0.146323E+10 Pa
MD Temperature:                      0.0009392235 H          296.5830 K
MD Kinetic Energy:                   0.0887566248 H
Total MD Energy:                  -115.4860821427 H        -3142.5362 eV
MD Temperature:                      0.0009392235 H          296.5830 K

Molecular dynamics completed

